2013/10/28 13:33:30 [error] [exception.CException] exception 'CException' with message 'Alias "bootstrap.components.TbApi" is invalid. Make sure it points to an existing PHP file and the file is readable.' in /var/www/yiibooster/yii/framework/YiiBase.php:316
Stack trace:
#0 /var/www/yiibooster/yii/framework/YiiBase.php(196): YiiBase::import('bootstrap.compo...', true)
#1 /var/www/yiibooster/yii/framework/base/CModule.php(386): YiiBase::createComponent(Array)
#2 /var/www/yiibooster/yii/framework/base/CModule.php(103): CModule->getComponent('bootstrap')
#3 /var/www/yiibooster/Prueba/protected/views/layouts/main.php(19): CModule->__get('bootstrap')
#4 /var/www/yiibooster/yii/framework/web/CBaseController.php(126): require('/var/www/yiiboo...')
#5 /var/www/yiibooster/yii/framework/web/CBaseController.php(95): CBaseController->renderInternal('/var/www/yiiboo...', Array, true)
#6 /var/www/yiibooster/yii/framework/web/widgets/CContentDecorator.php(76): CBaseController->renderFile('/var/www/yiiboo...', Array, true)
#7 /var/www/yiibooster/yii/framework/web/widgets/CContentDecorator.php(54): CContentDecorator->decorate('<div id="conten...')
#8 /var/www/yiibooster/yii/framework/web/widgets/COutputProcessor.php(44): CContentDecorator->processOutput('<div id="conten...')
#9 /var/www/yiibooster/yii/framework/web/CBaseController.php(206): COutputProcessor->run()
#10 /var/www/yiibooster/yii/framework/web/CBaseController.php(300): CBaseController->endWidget('CContentDecorat...')
#11 /var/www/yiibooster/Prueba/protected/views/layouts/column1.php(6): CBaseController->endContent()
#12 /var/www/yiibooster/yii/framework/web/CBaseController.php(126): require('/var/www/yiiboo...')
#13 /var/www/yiibooster/yii/framework/web/CBaseController.php(95): CBaseController->renderInternal('/var/www/yiiboo...', Array, true)
#14 /var/www/yiibooster/yii/framework/web/CController.php(784): CBaseController->renderFile('/var/www/yiiboo...', Array, true)
#15 /var/www/yiibooster/Prueba/protected/controllers/SiteController.php(32): CController->render('index')
#16 /var/www/yiibooster/yii/framework/web/actions/CInlineAction.php(49): SiteController->actionIndex()
#17 /var/www/yiibooster/yii/framework/web/CController.php(308): CInlineAction->runWithParams(Array)
#18 /var/www/yiibooster/yii/framework/web/CController.php(286): CController->runAction(Object(CInlineAction))
#19 /var/www/yiibooster/yii/framework/web/CController.php(265): CController->runActionWithFilters(Object(CInlineAction), Array)
#20 /var/www/yiibooster/yii/framework/web/CWebApplication.php(282): CController->run('')
#21 /var/www/yiibooster/yii/framework/web/CWebApplication.php(141): CWebApplication->runController('')
#22 /var/www/yiibooster/yii/framework/base/CApplication.php(169): CWebApplication->processRequest()
#23 /var/www/yiibooster/Prueba/index.php(13): CApplication->run()
#24 {main}
REQUEST_URI=/yiibooster/Prueba/
HTTP_REFERER=http://localhost/yiibooster/
---
2013/10/28 14:14:18 [error] [exception.CException] exception 'CException' with message 'Bootstrap and its behaviors do not have a method or closure named "register".' in /var/www/yiibooster/yii/framework/base/CComponent.php:265
Stack trace:
#0 /var/www/yiibooster/Prueba/protected/views/layouts/main.php(19): CComponent->__call('register', Array)
#1 /var/www/yiibooster/Prueba/protected/views/layouts/main.php(19): Bootstrap->register()
#2 /var/www/yiibooster/yii/framework/web/CBaseController.php(126): require('/var/www/yiiboo...')
#3 /var/www/yiibooster/yii/framework/web/CBaseController.php(95): CBaseController->renderInternal('/var/www/yiiboo...', Array, true)
#4 /var/www/yiibooster/yii/framework/web/widgets/CContentDecorator.php(76): CBaseController->renderFile('/var/www/yiiboo...', Array, true)
#5 /var/www/yiibooster/yii/framework/web/widgets/CContentDecorator.php(54): CContentDecorator->decorate('<div id="conten...')
#6 /var/www/yiibooster/yii/framework/web/widgets/COutputProcessor.php(44): CContentDecorator->processOutput('<div id="conten...')
#7 /var/www/yiibooster/yii/framework/web/CBaseController.php(206): COutputProcessor->run()
#8 /var/www/yiibooster/yii/framework/web/CBaseController.php(300): CBaseController->endWidget('CContentDecorat...')
#9 /var/www/yiibooster/Prueba/protected/views/layouts/column1.php(6): CBaseController->endContent()
#10 /var/www/yiibooster/yii/framework/web/CBaseController.php(126): require('/var/www/yiiboo...')
#11 /var/www/yiibooster/yii/framework/web/CBaseController.php(95): CBaseController->renderInternal('/var/www/yiiboo...', Array, true)
#12 /var/www/yiibooster/yii/framework/web/CController.php(784): CBaseController->renderFile('/var/www/yiiboo...', Array, true)
#13 /var/www/yiibooster/Prueba/protected/controllers/SiteController.php(32): CController->render('index')
#14 /var/www/yiibooster/yii/framework/web/actions/CInlineAction.php(49): SiteController->actionIndex()
#15 /var/www/yiibooster/yii/framework/web/CController.php(308): CInlineAction->runWithParams(Array)
#16 /var/www/yiibooster/yii/framework/web/CController.php(286): CController->runAction(Object(CInlineAction))
#17 /var/www/yiibooster/yii/framework/web/CController.php(265): CController->runActionWithFilters(Object(CInlineAction), Array)
#18 /var/www/yiibooster/yii/framework/web/CWebApplication.php(282): CController->run('')
#19 /var/www/yiibooster/yii/framework/web/CWebApplication.php(141): CWebApplication->runController('')
#20 /var/www/yiibooster/yii/framework/base/CApplication.php(169): CWebApplication->processRequest()
#21 /var/www/yiibooster/Prueba/index.php(13): CApplication->run()
#22 {main}
REQUEST_URI=/yiibooster/Prueba/
HTTP_REFERER=http://localhost/yiibooster/
---
2013/10/28 14:15:08 [error] [exception.CException] exception 'CException' with message 'Bootstrap and its behaviors do not have a method or closure named "register".' in /var/www/yiibooster/yii/framework/base/CComponent.php:265
Stack trace:
#0 /var/www/yiibooster/Prueba/protected/views/layouts/main.php(19): CComponent->__call('register', Array)
#1 /var/www/yiibooster/Prueba/protected/views/layouts/main.php(19): Bootstrap->register()
#2 /var/www/yiibooster/yii/framework/web/CBaseController.php(126): require('/var/www/yiiboo...')
#3 /var/www/yiibooster/yii/framework/web/CBaseController.php(95): CBaseController->renderInternal('/var/www/yiiboo...', Array, true)
#4 /var/www/yiibooster/yii/framework/web/widgets/CContentDecorator.php(76): CBaseController->renderFile('/var/www/yiiboo...', Array, true)
#5 /var/www/yiibooster/yii/framework/web/widgets/CContentDecorator.php(54): CContentDecorator->decorate('<div id="conten...')
#6 /var/www/yiibooster/yii/framework/web/widgets/COutputProcessor.php(44): CContentDecorator->processOutput('<div id="conten...')
#7 /var/www/yiibooster/yii/framework/web/CBaseController.php(206): COutputProcessor->run()
#8 /var/www/yiibooster/yii/framework/web/CBaseController.php(300): CBaseController->endWidget('CContentDecorat...')
#9 /var/www/yiibooster/Prueba/protected/views/layouts/column1.php(6): CBaseController->endContent()
#10 /var/www/yiibooster/yii/framework/web/CBaseController.php(126): require('/var/www/yiiboo...')
#11 /var/www/yiibooster/yii/framework/web/CBaseController.php(95): CBaseController->renderInternal('/var/www/yiiboo...', Array, true)
#12 /var/www/yiibooster/yii/framework/web/CController.php(784): CBaseController->renderFile('/var/www/yiiboo...', Array, true)
#13 /var/www/yiibooster/Prueba/protected/controllers/SiteController.php(32): CController->render('index')
#14 /var/www/yiibooster/yii/framework/web/actions/CInlineAction.php(49): SiteController->actionIndex()
#15 /var/www/yiibooster/yii/framework/web/CController.php(308): CInlineAction->runWithParams(Array)
#16 /var/www/yiibooster/yii/framework/web/CController.php(286): CController->runAction(Object(CInlineAction))
#17 /var/www/yiibooster/yii/framework/web/CController.php(265): CController->runActionWithFilters(Object(CInlineAction), Array)
#18 /var/www/yiibooster/yii/framework/web/CWebApplication.php(282): CController->run('')
#19 /var/www/yiibooster/yii/framework/web/CWebApplication.php(141): CWebApplication->runController('')
#20 /var/www/yiibooster/yii/framework/base/CApplication.php(169): CWebApplication->processRequest()
#21 /var/www/yiibooster/Prueba/index.php(13): CApplication->run()
#22 {main}
REQUEST_URI=/yiibooster/Prueba/
HTTP_REFERER=http://localhost/yiibooster/
---
2013/10/28 14:15:08 [error] [exception.CException] exception 'CException' with message 'Bootstrap and its behaviors do not have a method or closure named "register".' in /var/www/yiibooster/yii/framework/base/CComponent.php:265
Stack trace:
#0 /var/www/yiibooster/Prueba/protected/views/layouts/main.php(19): CComponent->__call('register', Array)
#1 /var/www/yiibooster/Prueba/protected/views/layouts/main.php(19): Bootstrap->register()
#2 /var/www/yiibooster/yii/framework/web/CBaseController.php(126): require('/var/www/yiiboo...')
#3 /var/www/yiibooster/yii/framework/web/CBaseController.php(95): CBaseController->renderInternal('/var/www/yiiboo...', Array, true)
#4 /var/www/yiibooster/yii/framework/web/widgets/CContentDecorator.php(76): CBaseController->renderFile('/var/www/yiiboo...', Array, true)
#5 /var/www/yiibooster/yii/framework/web/widgets/CContentDecorator.php(54): CContentDecorator->decorate('<div id="conten...')
#6 /var/www/yiibooster/yii/framework/web/widgets/COutputProcessor.php(44): CContentDecorator->processOutput('<div id="conten...')
#7 /var/www/yiibooster/yii/framework/web/CBaseController.php(206): COutputProcessor->run()
#8 /var/www/yiibooster/yii/framework/web/CBaseController.php(300): CBaseController->endWidget('CContentDecorat...')
#9 /var/www/yiibooster/Prueba/protected/views/layouts/column1.php(6): CBaseController->endContent()
#10 /var/www/yiibooster/yii/framework/web/CBaseController.php(126): require('/var/www/yiiboo...')
#11 /var/www/yiibooster/yii/framework/web/CBaseController.php(95): CBaseController->renderInternal('/var/www/yiiboo...', Array, true)
#12 /var/www/yiibooster/yii/framework/web/CController.php(784): CBaseController->renderFile('/var/www/yiiboo...', Array, true)
#13 /var/www/yiibooster/Prueba/protected/controllers/SiteController.php(32): CController->render('index')
#14 /var/www/yiibooster/yii/framework/web/actions/CInlineAction.php(49): SiteController->actionIndex()
#15 /var/www/yiibooster/yii/framework/web/CController.php(308): CInlineAction->runWithParams(Array)
#16 /var/www/yiibooster/yii/framework/web/CController.php(286): CController->runAction(Object(CInlineAction))
#17 /var/www/yiibooster/yii/framework/web/CController.php(265): CController->runActionWithFilters(Object(CInlineAction), Array)
#18 /var/www/yiibooster/yii/framework/web/CWebApplication.php(282): CController->run('')
#19 /var/www/yiibooster/yii/framework/web/CWebApplication.php(141): CWebApplication->runController('')
#20 /var/www/yiibooster/yii/framework/base/CApplication.php(169): CWebApplication->processRequest()
#21 /var/www/yiibooster/Prueba/index.php(13): CApplication->run()
#22 {main}
REQUEST_URI=/yiibooster/Prueba/
HTTP_REFERER=http://localhost/yiibooster/
---
2013/10/28 15:07:21 [error] [php] Undefined variable: person (/var/www/yiibooster/Prueba/protected/views/layouts/main.php:61)
Stack trace:
#0 /var/www/yiibooster/yii/framework/web/widgets/CContentDecorator.php(76): SiteController->renderFile()
#1 /var/www/yiibooster/yii/framework/web/widgets/CContentDecorator.php(54): CContentDecorator->decorate()
#2 /var/www/yiibooster/yii/framework/web/widgets/COutputProcessor.php(44): CContentDecorator->processOutput()
#3 /var/www/yiibooster/yii/framework/web/CBaseController.php(206): CContentDecorator->run()
#4 /var/www/yiibooster/yii/framework/web/CBaseController.php(300): SiteController->endWidget()
#5 /var/www/yiibooster/Prueba/protected/views/layouts/column1.php(6): SiteController->endContent()
#6 /var/www/yiibooster/yii/framework/web/CBaseController.php(126): require()
#7 /var/www/yiibooster/yii/framework/web/CBaseController.php(95): SiteController->renderInternal()
#8 /var/www/yiibooster/yii/framework/web/CController.php(784): SiteController->renderFile()
#9 /var/www/yiibooster/Prueba/protected/controllers/SiteController.php(32): SiteController->render()
#10 /var/www/yiibooster/yii/framework/web/actions/CInlineAction.php(49): SiteController->actionIndex()
#11 /var/www/yiibooster/yii/framework/web/CController.php(308): CInlineAction->runWithParams()
#12 /var/www/yiibooster/yii/framework/web/CController.php(286): SiteController->runAction()
#13 /var/www/yiibooster/yii/framework/web/CController.php(265): SiteController->runActionWithFilters()
#14 /var/www/yiibooster/yii/framework/web/CWebApplication.php(282): SiteController->run()
#15 /var/www/yiibooster/yii/framework/web/CWebApplication.php(141): CWebApplication->runController()
#16 /var/www/yiibooster/yii/framework/base/CApplication.php(169): CWebApplication->processRequest()
#17 /var/www/yiibooster/Prueba/index.php(13): CWebApplication->run()
REQUEST_URI=/yiibooster/Prueba/index.php?r=site/index
in /var/www/yiibooster/Prueba/protected/views/layouts/main.php (61)
in /var/www/yiibooster/Prueba/protected/views/layouts/column1.php (6)
in /var/www/yiibooster/Prueba/protected/controllers/SiteController.php (32)
2013/11/08 15:39:14 [error] [exception.CDbException] exception 'CDbException' with message 'CDbConnection failed to open the DB connection: SQLSTATE[28000] [1045] Access denied for user 'root'@'localhost' (using password: YES)' in /var/www/yii/framework/db/CDbConnection.php:381
Stack trace:
#0 /var/www/yii/framework/db/CDbConnection.php(330): CDbConnection->open()
#1 /var/www/yii/framework/db/CDbConnection.php(308): CDbConnection->setActive(true)
#2 /var/www/yii/framework/base/CModule.php(387): CDbConnection->init()
#3 /var/www/yii/framework/base/CModule.php(103): CModule->getComponent('db')
#4 /var/www/yii/framework/gii/generators/crud/CrudCode.php(44): CModule->__get('db')
#5 /var/www/yii/framework/web/CFormModel.php(39): CrudCode->init()
#6 /var/www/yii/framework/gii/CCodeGenerator.php(153): CFormModel->__construct()
#7 /var/www/yii/framework/gii/CCodeGenerator.php(63): CCodeGenerator->prepare()
#8 /var/www/yii/framework/web/actions/CInlineAction.php(49): CCodeGenerator->actionIndex()
#9 /var/www/yii/framework/web/CController.php(308): CInlineAction->runWithParams(Array)
#10 /var/www/yii/framework/web/CController.php(286): CController->runAction(Object(CInlineAction))
#11 /var/www/yii/framework/web/CController.php(265): CController->runActionWithFilters(Object(CInlineAction), Array)
#12 /var/www/yii/framework/web/CWebApplication.php(282): CController->run('')
#13 /var/www/yii/framework/web/CWebApplication.php(141): CWebApplication->runController('gii/crud')
#14 /var/www/yii/framework/base/CApplication.php(169): CWebApplication->processRequest()
#15 /var/www/FactoryPage/index.php(13): CApplication->run()
#16 {main}
REQUEST_URI=/FactoryPage/index.php?r=gii/crud
HTTP_REFERER=http://localhost/FactoryPage/index.php?r=gii/default/index
---
2013/11/08 15:43:12 [error] [exception.CHttpException.404] exception 'CHttpException' with message 'Unable to resolve the request "usurios".' in /var/www/yii/framework/web/CWebApplication.php:286
Stack trace:
#0 /var/www/yii/framework/web/CWebApplication.php(141): CWebApplication->runController('usurios')
#1 /var/www/yii/framework/base/CApplication.php(169): CWebApplication->processRequest()
#2 /var/www/FactoryPage/index.php(13): CApplication->run()
#3 {main}
REQUEST_URI=/FactoryPage/index.php?r=usurios
---
